<?xml version="1.0" encoding="UTF-8"?>
<testng-results ignored="0" total="1" passed="1" failed="0" skipped="0">
  <reporter-output>
  </reporter-output>
  <suite started-at="2020-11-20T17:44:18 IST" name="Default suite" finished-at="2020-11-20T17:45:31 IST" duration-ms="72768">
    <groups>
    </groups>
    <test started-at="2020-11-20T17:44:18 IST" name="Default test" finished-at="2020-11-20T17:45:31 IST" duration-ms="72768">
      <class name="tests.CompleteTransaction_Test">
        <test-method is-config="true" signature="beforeMethod()[pri:0, instance:tests.CompleteTransaction_Test@419c5f1a]" started-at="2020-11-20T17:44:18 IST" name="beforeMethod" finished-at="2020-11-20T17:45:10 IST" duration-ms="52064" status="PASS">
          <reporter-output>
          </reporter-output>
        </test-method> <!-- beforeMethod -->
        <test-method signature="verify_Transaction()[pri:0, instance:tests.CompleteTransaction_Test@419c5f1a]" started-at="2020-11-20T17:45:10 IST" name="verify_Transaction" finished-at="2020-11-20T17:45:31 IST" duration-ms="20635" status="PASS">
          <reporter-output>
          </reporter-output>
        </test-method> <!-- verify_Transaction -->
        <test-method is-config="true" signature="afterMethod()[pri:0, instance:tests.CompleteTransaction_Test@419c5f1a]" started-at="2020-11-20T17:45:31 IST" name="afterMethod" finished-at="2020-11-20T17:45:31 IST" duration-ms="1" status="PASS">
          <reporter-output>
          </reporter-output>
        </test-method> <!-- afterMethod -->
      </class> <!-- tests.CompleteTransaction_Test -->
    </test> <!-- Default test -->
  </suite> <!-- Default suite -->
</testng-results>
